<?xml version="1.0" encoding="UTF-8"?>
<!-- Generated by org.testng.reporters.JUnitReportReporter -->
<testsuite skipped="0" hostname="DESKTOP-9DMMG1S" name="tests.TaxisTest" tests="1" failures="0" timestamp="12 May 2019 11:57:39 GMT" time="13.927" errors="0">
  <testcase name="searchTaxis" time="13.927" classname="tests.TaxisTest"/>
</testsuite> <!-- tests.TaxisTest -->
