<?xml version="1.0" encoding="UTF-8"?>
<!-- Generated by org.testng.reporters.JUnitReportReporter -->
<testsuite skipped="0" hostname="DESKTOP-9DMMG1S" name="tests.BookingHotelTests" tests="4" failures="0" timestamp="12 May 2019 11:57:39 GMT" time="120.807" errors="0">
  <testcase name="searchHotel" time="17.325" classname="tests.BookingHotelTests"/>
  <testcase name="reservationHotel" time="48.219" classname="tests.BookingHotelTests"/>
  <testcase name="cancelingReservation" time="23.668" classname="tests.BookingHotelTests"/>
  <testcase name="bookHotelWithWrongBankCard" time="31.595" classname="tests.BookingHotelTests"/>
</testsuite> <!-- tests.BookingHotelTests -->
